[0310/215229.650:ERROR:process_memory_win.cc(73)] ReadMemory at 0x2734a050000 of 64 bytes failed: Only part of a ReadProcessMemory or WriteProcessMemory request was completed. (0x12B)
[0310/215229.651:WARNING:pe_image_reader.cc(340)] could not read dos header from C:\WINDOWS\System32\ADVAPI32.dll
[0310/215229.654:ERROR:process_memory_win.cc(73)] ReadMemory at 0x27349fc4040 of 72 bytes failed: Only part of a ReadProcessMemory or WriteProcessMemory request was completed. (0x12B)
[0310/215229.654:WARNING:pe_image_annotations_reader.cc(134)] could not read annotations list object in C:\Program Files (x86)\Google\Chrome\Application\80.0.3987.132\chrome_elf.dll
[0310/215229.654:ERROR:process_memory_win.cc(73)] ReadMemory at 0x2734a050000 of 64 bytes failed: Only part of a ReadProcessMemory or WriteProcessMemory request was completed. (0x12B)
[0310/215229.655:WARNING:pe_image_reader.cc(340)] could not read dos header from C:\WINDOWS\System32\ADVAPI32.dll
[0310/215229.655:ERROR:process_memory_win.cc(73)] ReadMemory at 0x2734a050000 of 64 bytes failed: Only part of a ReadProcessMemory or WriteProcessMemory request was completed. (0x12B)
[0310/215229.655:WARNING:pe_image_reader.cc(340)] could not read dos header from C:\WINDOWS\System32\ADVAPI32.dll
[0310/215229.655:ERROR:process_memory_win.cc(73)] ReadMemory at 0x2734a165060 of 72 bytes failed: Only part of a ReadProcessMemory or WriteProcessMemory request was completed. (0x12B)
[0310/215229.655:WARNING:pe_image_annotations_reader.cc(134)] could not read annotations list object in C:\Program Files (x86)\Google\Chrome\Application\80.0.3987.132\chrome.dll
[0310/215229.789:ERROR:process_memory_win.cc(73)] ReadMemory at 0x7ff6bce70000 of 64 bytes failed: Only part of a ReadProcessMemory or WriteProcessMemory request was completed. (0x12B)
[0310/215229.789:WARNING:pe_image_reader.cc(340)] could not read dos header from C:\Program Files (x86)\Google\Chrome\Application\chrome.exe
[0310/215229.789:ERROR:process_memory_win.cc(73)] ReadMemory at 0x7fff01aa0000 of 64 bytes failed: Only part of a ReadProcessMemory or WriteProcessMemory request was completed. (0x12B)
[0310/215229.789:WARNING:pe_image_reader.cc(340)] could not read dos header from C:\WINDOWS\SYSTEM32\ntdll.dll
[0310/215229.790:ERROR:process_memory_win.cc(73)] ReadMemory at 0x7ffefffc0000 of 64 bytes failed: Only part of a ReadProcessMemory or WriteProcessMemory request was completed. (0x12B)
[0310/215229.790:WARNING:pe_image_reader.cc(340)] could not read dos header from C:\WINDOWS\System32\KERNEL32.DLL
[0310/215229.790:ERROR:process_memory_win.cc(73)] ReadMemory at 0x7ffeff330000 of 64 bytes failed: Only part of a ReadProcessMemory or WriteProcessMemory request was completed. (0x12B)
[0310/215229.790:WARNING:pe_image_reader.cc(340)] could not read dos header from C:\WINDOWS\System32\KERNELBASE.dll
[0310/215229.790:ERROR:process_memory_win.cc(73)] ReadMemory at 0x7ffec15b0000 of 64 bytes failed: Only part of a ReadProcessMemory or WriteProcessMemory request was completed. (0x12B)
[0310/215229.790:WARNING:pe_image_reader.cc(340)] could not read dos header from C:\Program Files (x86)\Google\Chrome\Application\80.0.3987.132\chrome_elf.dll
[0310/215229.790:ERROR:process_memory_win.cc(73)] ReadMemory at 0x7ffef8740000 of 64 bytes failed: Only part of a ReadProcessMemory or WriteProcessMemory request was completed. (0x12B)
[0310/215229.790:WARNING:pe_image_reader.cc(340)] could not read dos header from C:\WINDOWS\SYSTEM32\VERSION.dll
[0310/215229.790:ERROR:process_memory_win.cc(73)] ReadMemory at 0x7fff01730000 of 64 bytes failed: Only part of a ReadProcessMemory or WriteProcessMemory request was completed. (0x12B)
[0310/215229.790:WARNING:pe_image_reader.cc(340)] could not read dos header from C:\WINDOWS\System32\msvcrt.dll
[0310/215229.790:ERROR:process_memory_win.cc(73)] ReadMemory at 0x7ffeffaa0000 of 64 bytes failed: Only part of a ReadProcessMemory or WriteProcessMemory request was completed. (0x12B)
[0310/215229.790:WARNING:pe_image_reader.cc(340)] could not read dos header from C:\WINDOWS\System32\bcryptPrimitives.dll
[0310/215229.790:ERROR:process_memory_win.cc(73)] ReadMemory at 0x2734a050000 of 64 bytes failed: Only part of a ReadProcessMemory or WriteProcessMemory request was completed. (0x12B)
[0310/215229.790:WARNING:pe_image_reader.cc(340)] could not read dos header from C:\WINDOWS\System32\ADVAPI32.dll
[0310/215229.791:ERROR:process_memory_win.cc(73)] ReadMemory at 0x7fff01430000 of 64 bytes failed: Only part of a ReadProcessMemory or WriteProcessMemory request was completed. (0x12B)
[0310/215229.791:WARNING:pe_image_reader.cc(340)] could not read dos header from C:\WINDOWS\System32\sechost.dll
[0310/215229.791:ERROR:process_memory_win.cc(73)] ReadMemory at 0x7fff01610000 of 64 bytes failed: Only part of a ReadProcessMemory or WriteProcessMemory request was completed. (0x12B)
[0310/215229.791:WARNING:pe_image_reader.cc(340)] could not read dos header from C:\WINDOWS\System32\RPCRT4.dll
[0310/215229.791:ERROR:process_memory_win.cc(73)] ReadMemory at 0x7ffeac0b0000 of 64 bytes failed: Only part of a ReadProcessMemory or WriteProcessMemory request was completed. (0x12B)
[0310/215229.791:WARNING:pe_image_reader.cc(340)] could not read dos header from C:\Program Files (x86)\Google\Chrome\Application\80.0.3987.132\chrome.dll
[0310/215229.791:ERROR:process_memory_win.cc(73)] ReadMemory at 0x7fff00790000 of 64 bytes failed: Only part of a ReadProcessMemory or WriteProcessMemory request was completed. (0x12B)
[0310/215229.791:WARNING:pe_image_reader.cc(340)] could not read dos header from C:\WINDOWS\System32\WS2_32.dll
[0310/215229.791:ERROR:process_memory_win.cc(73)] ReadMemory at 0x7fff00160000 of 64 bytes failed: Only part of a ReadProcessMemory or WriteProcessMemory request was completed. (0x12B)
[0310/215229.791:WARNING:pe_image_reader.cc(340)] could not read dos header from C:\WINDOWS\System32\OLEAUT32.dll
[0310/215229.791:ERROR:process_memory_win.cc(73)] ReadMemory at 0x7ffeffa00000 of 64 bytes failed: Only part of a ReadProcessMemory or WriteProcessMemory request was completed. (0x12B)
[0310/215229.791:WARNING:pe_image_reader.cc(340)] could not read dos header from C:\WINDOWS\System32\msvcp_win.dll
[0310/215229.791:ERROR:process_memory_win.cc(73)] ReadMemory at 0x7ffefea00000 of 64 bytes failed: Only part of a ReadProcessMemory or WriteProcessMemory request was completed. (0x12B)
[0310/215229.791:WARNING:pe_image_reader.cc(340)] could not read dos header from C:\WINDOWS\System32\ucrtbase.dll
[0310/215229.791:ERROR:process_memory_win.cc(73)] ReadMemory at 0x7fff00430000 of 64 bytes failed: Only part of a ReadProcessMemory or WriteProcessMemory request was completed. (0x12B)
[0310/215229.791:WARNING:pe_image_reader.cc(340)] could not read dos header from C:\WINDOWS\System32\combase.dll
[0310/215229.792:ERROR:process_memory_win.cc(73)] ReadMemory at 0x7ffeff600000 of 64 bytes failed: Only part of a ReadProcessMemory or WriteProcessMemory request was completed. (0x12B)
[0310/215229.792:WARNING:pe_image_reader.cc(340)] could not read dos header from C:\WINDOWS\System32\WINTRUST.dll
[0310/215229.792:ERROR:process_memory_win.cc(73)] ReadMemory at 0x7ffefe9e0000 of 64 bytes failed: Only part of a ReadProcessMemory or WriteProcessMemory request was completed. (0x12B)
[0310/215229.792:WARNING:pe_image_reader.cc(340)] could not read dos header from C:\WINDOWS\System32\MSASN1.dll
[0310/215229.792:ERROR:process_memory_win.cc(73)] ReadMemory at 0x7ffeff710000 of 64 bytes failed: Only part of a ReadProcessMemory or WriteProcessMemory request was completed. (0x12B)
[0310/215229.792:WARNING:pe_image_reader.cc(340)] could not read dos header from C:\WINDOWS\System32\CRYPT32.dll
[0310/215229.792:ERROR:process_memory_win.cc(73)] ReadMemory at 0x7ffefdec0000 of 64 bytes failed: Only part of a ReadProcessMemory or WriteProcessMemory request was completed. (0x12B)
[0310/215229.792:WARNING:pe_image_reader.cc(340)] could not read dos header from C:\WINDOWS\SYSTEM32\IPHLPAPI.DLL
[0310/215229.792:ERROR:process_memory_win.cc(73)] ReadMemory at 0x7ffef5840000 of 64 bytes failed: Only part of a ReadProcessMemory or WriteProcessMemory request was completed. (0x12B)
[0310/215229.792:WARNING:pe_image_reader.cc(340)] could not read dos header from C:\WINDOWS\SYSTEM32\WINMM.dll
[0310/215229.792:ERROR:process_memory_win.cc(73)] ReadMemory at 0x7ffeed030000 of 64 bytes failed: Only part of a ReadProcessMemory or WriteProcessMemory request was completed. (0x12B)
[0310/215229.792:WARNING:pe_image_reader.cc(340)] could not read dos header from C:\WINDOWS\SYSTEM32\Secur32.dll
[0310/215229.793:ERROR:process_memory_win.cc(73)] ReadMemory at 0x7ffefe830000 of 64 bytes failed: Only part of a ReadProcessMemory or WriteProcessMemory request was completed. (0x12B)
[0310/215229.793:WARNING:pe_image_reader.cc(340)] could not read dos header from C:\WINDOWS\SYSTEM32\USERENV.dll
[0310/215229.793:ERROR:process_memory_win.cc(73)] ReadMemory at 0x7ffefe9c0000 of 64 bytes failed: Only part of a ReadProcessMemory or WriteProcessMemory request was completed. (0x12B)
[0310/215229.793:WARNING:pe_image_reader.cc(340)] could not read dos header from C:\WINDOWS\System32\profapi.dll
[0310/215229.793:ERROR:process_memory_win.cc(73)] ReadMemory at 0x7ffeccb20000 of 64 bytes failed: Only part of a ReadProcessMemory or WriteProcessMemory request was completed. (0x12B)
[0310/215229.793:WARNING:pe_image_reader.cc(340)] could not read dos header from C:\WINDOWS\SYSTEM32\UIAutomationCore.DLL
[0310/215229.793:ERROR:process_memory_win.cc(73)] ReadMemory at 0x7ffed3b80000 of 64 bytes failed: Only part of a ReadProcessMemory or WriteProcessMemory request was completed. (0x12B)
[0310/215229.793:WARNING:pe_image_reader.cc(340)] could not read dos header from C:\WINDOWS\SYSTEM32\DWrite.dll
[0310/215229.793:ERROR:process_memory_win.cc(73)] ReadMemory at 0x7ffef1d70000 of 64 bytes failed: Only part of a ReadProcessMemory or WriteProcessMemory request was completed. (0x12B)
[0310/215229.793:WARNING:pe_image_reader.cc(340)] could not read dos header from C:\WINDOWS\SYSTEM32\WINSPOOL.DRV
[0310/215229.793:ERROR:process_memory_win.cc(73)] ReadMemory at 0x7ffefe950000 of 64 bytes failed: Only part of a ReadProcessMemory or WriteProcessMemory request was completed. (0x12B)
[0310/215229.793:WARNING:pe_image_reader.cc(340)] could not read dos header from C:\WINDOWS\System32\kernel.appcore.dll
[0310/215229.793:ERROR:process_memory_win.cc(73)] ReadMemory at 0x7ffefeb00000 of 64 bytes failed: Only part of a ReadProcessMemory or WriteProcessMemory request was completed. (0x12B)
[0310/215229.793:WARNING:pe_image_reader.cc(340)] could not read dos header from C:\WINDOWS\System32\bcrypt.dll
[0310/215229.793:ERROR:process_memory_win.cc(73)] ReadMemory at 0x7ffee8dd0000 of 64 bytes failed: Only part of a ReadProcessMemory or WriteProcessMemory request was completed. (0x12B)
[0310/215229.793:WARNING:pe_image_reader.cc(340)] could not read dos header from C:\WINDOWS\SYSTEM32\dbghelp.dll
[0310/215229.793:ERROR:process_memory_win.cc(73)] ReadMemory at 0x7ffef6350000 of 64 bytes failed: Only part of a ReadProcessMemory or WriteProcessMemory request was completed. (0x12B)
[0310/215229.793:WARNING:pe_image_reader.cc(340)] could not read dos header from C:\WINDOWS\SYSTEM32\WINHTTP.dll
[0310/215229.793:ERROR:process_memory_win.cc(73)] ReadMemory at 0x7ffef7f80000 of 64 bytes failed: Only part of a ReadProcessMemory or WriteProcessMemory request was completed. (0x12B)
[0310/215229.793:WARNING:pe_image_reader.cc(340)] could not read dos header from C:\WINDOWS\SYSTEM32\dhcpcsvc.DLL
[0310/215229.794:ERROR:process_memory_win.cc(73)] ReadMemory at 0x7fff011e0000 of 64 bytes failed: Only part of a ReadProcessMemory or WriteProcessMemory request was completed. (0x12B)
[0310/215229.794:WARNING:pe_image_reader.cc(340)] could not read dos header from C:\WINDOWS\System32\NSI.dll
[0310/215229.794:ERROR:process_memory_win.cc(73)] ReadMemory at 0x7ffef5810000 of 64 bytes failed: Only part of a ReadProcessMemory or WriteProcessMemory request was completed. (0x12B)
[0310/215229.794:WARNING:pe_image_reader.cc(340)] could not read dos header from C:\WINDOWS\SYSTEM32\WINMMBASE.dll
[0310/215229.794:ERROR:process_memory_win.cc(73)] ReadMemory at 0x7ffefeb60000 of 64 bytes failed: Only part of a ReadProcessMemory or WriteProcessMemory request was completed. (0x12B)
[0310/215229.794:WARNING:pe_image_reader.cc(340)] could not read dos header from C:\WINDOWS\System32\cfgmgr32.dll
[0310/215229.794:ERROR:process_memory_win.cc(73)] ReadMemory at 0x7ffefd400000 of 64 bytes failed: Only part of a ReadProcessMemory or WriteProcessMemory request was completed. (0x12B)
[0310/215229.794:WARNING:pe_image_reader.cc(340)] could not read dos header from C:\WINDOWS\SYSTEM32\PROPSYS.dll
[0310/215229.794:ERROR:process_memory_win.cc(73)] ReadMemory at 0x7fff00230000 of 64 bytes failed: Only part of a ReadProcessMemory or WriteProcessMemory request was completed. (0x12B)
[0310/215229.794:WARNING:pe_image_reader.cc(340)] could not read dos header from C:\WINDOWS\System32\shcore.dll
[0310/215229.794:ERROR:process_memory_win.cc(73)] ReadMemory at 0x7ffefe860000 of 64 bytes failed: Only part of a ReadProcessMemory or WriteProcessMemory request was completed. (0x12B)
[0310/215229.794:WARNING:pe_image_reader.cc(340)] could not read dos header from C:\WINDOWS\SYSTEM32\SSPICLI.DLL
[0310/215229.794:ERROR:process_memory_win.cc(73)] ReadMemory at 0x7ffefe380000 of 64 bytes failed: Only part of a ReadProcessMemory or WriteProcessMemory request was completed. (0x12B)
[0310/215229.794:WARNING:pe_image_reader.cc(340)] could not read dos header from C:\WINDOWS\SYSTEM32\CRYPTBASE.DLL
[0310/215229.794:ERROR:process_memory_win.cc(73)] ReadMemory at 0x7ff6bce70000 of 64 bytes failed: Only part of a ReadProcessMemory or WriteProcessMemory request was completed. (0x12B)
[0310/215229.794:WARNING:pe_image_reader.cc(340)] could not read dos header from C:\Program Files (x86)\Google\Chrome\Application\chrome.exe
[0310/215229.795:ERROR:process_memory_win.cc(73)] ReadMemory at 0x7fff01aa0000 of 64 bytes failed: Only part of a ReadProcessMemory or WriteProcessMemory request was completed. (0x12B)
[0310/215229.795:WARNING:pe_image_reader.cc(340)] could not read dos header from C:\WINDOWS\SYSTEM32\ntdll.dll
[0310/215229.795:ERROR:process_memory_win.cc(73)] ReadMemory at 0x7ffefffc0000 of 64 bytes failed: Only part of a ReadProcessMemory or WriteProcessMemory request was completed. (0x12B)
[0310/215229.795:WARNING:pe_image_reader.cc(340)] could not read dos header from C:\WINDOWS\System32\KERNEL32.DLL
[0310/215229.795:ERROR:process_memory_win.cc(73)] ReadMemory at 0x7ffeff330000 of 64 bytes failed: Only part of a ReadProcessMemory or WriteProcessMemory request was completed. (0x12B)
[0310/215229.795:WARNING:pe_image_reader.cc(340)] could not read dos header from C:\WINDOWS\System32\KERNELBASE.dll
[0310/215229.795:ERROR:process_memory_win.cc(73)] ReadMemory at 0x7ffec15b0000 of 64 bytes failed: Only part of a ReadProcessMemory or WriteProcessMemory request was completed. (0x12B)
[0310/215229.795:WARNING:pe_image_reader.cc(340)] could not read dos header from C:\Program Files (x86)\Google\Chrome\Application\80.0.3987.132\chrome_elf.dll
[0310/215229.795:ERROR:process_memory_win.cc(73)] ReadMemory at 0x7ffef8740000 of 64 bytes failed: Only part of a ReadProcessMemory or WriteProcessMemory request was completed. (0x12B)
[0310/215229.795:WARNING:pe_image_reader.cc(340)] could not read dos header from C:\WINDOWS\SYSTEM32\VERSION.dll
[0310/215229.795:ERROR:process_memory_win.cc(73)] ReadMemory at 0x7fff01730000 of 64 bytes failed: Only part of a ReadProcessMemory or WriteProcessMemory request was completed. (0x12B)
[0310/215229.795:WARNING:pe_image_reader.cc(340)] could not read dos header from C:\WINDOWS\System32\msvcrt.dll
[0310/215229.795:ERROR:process_memory_win.cc(73)] ReadMemory at 0x7ffeffaa0000 of 64 bytes failed: Only part of a ReadProcessMemory or WriteProcessMemory request was completed. (0x12B)
[0310/215229.795:WARNING:pe_image_reader.cc(340)] could not read dos header from C:\WINDOWS\System32\bcryptPrimitives.dll
[0310/215229.795:ERROR:process_memory_win.cc(73)] ReadMemory at 0x2734a050000 of 64 bytes failed: Only part of a ReadProcessMemory or WriteProcessMemory request was completed. (0x12B)
[0310/215229.795:WARNING:pe_image_reader.cc(340)] could not read dos header from C:\WINDOWS\System32\ADVAPI32.dll
[0310/215229.796:ERROR:process_memory_win.cc(73)] ReadMemory at 0x7fff01430000 of 64 bytes failed: Only part of a ReadProcessMemory or WriteProcessMemory request was completed. (0x12B)
[0310/215229.796:WARNING:pe_image_reader.cc(340)] could not read dos header from C:\WINDOWS\System32\sechost.dll
[0310/215229.796:ERROR:process_memory_win.cc(73)] ReadMemory at 0x7fff01610000 of 64 bytes failed: Only part of a ReadProcessMemory or WriteProcessMemory request was completed. (0x12B)
[0310/215229.796:WARNING:pe_image_reader.cc(340)] could not read dos header from C:\WINDOWS\System32\RPCRT4.dll
[0310/215229.796:ERROR:process_memory_win.cc(73)] ReadMemory at 0x7ffeac0b0000 of 64 bytes failed: Only part of a ReadProcessMemory or WriteProcessMemory request was completed. (0x12B)
[0310/215229.796:WARNING:pe_image_reader.cc(340)] could not read dos header from C:\Program Files (x86)\Google\Chrome\Application\80.0.3987.132\chrome.dll
[0310/215229.796:ERROR:process_memory_win.cc(73)] ReadMemory at 0x7fff00790000 of 64 bytes failed: Only part of a ReadProcessMemory or WriteProcessMemory request was completed. (0x12B)
[0310/215229.796:WARNING:pe_image_reader.cc(340)] could not read dos header from C:\WINDOWS\System32\WS2_32.dll
[0310/215229.796:ERROR:process_memory_win.cc(73)] ReadMemory at 0x7fff00160000 of 64 bytes failed: Only part of a ReadProcessMemory or WriteProcessMemory request was completed. (0x12B)
[0310/215229.796:WARNING:pe_image_reader.cc(340)] could not read dos header from C:\WINDOWS\System32\OLEAUT32.dll
[0310/215229.796:ERROR:process_memory_win.cc(73)] ReadMemory at 0x7ffeffa00000 of 64 bytes failed: Only part of a ReadProcessMemory or WriteProcessMemory request was completed. (0x12B)
[0310/215229.796:WARNING:pe_image_reader.cc(340)] could not read dos header from C:\WINDOWS\System32\msvcp_win.dll
[0310/215229.796:ERROR:process_memory_win.cc(73)] ReadMemory at 0x7ffefea00000 of 64 bytes failed: Only part of a ReadProcessMemory or WriteProcessMemory request was completed. (0x12B)
[0310/215229.796:WARNING:pe_image_reader.cc(340)] could not read dos header from C:\WINDOWS\System32\ucrtbase.dll
[0310/215229.796:ERROR:process_memory_win.cc(73)] ReadMemory at 0x7fff00430000 of 64 bytes failed: Only part of a ReadProcessMemory or WriteProcessMemory request was completed. (0x12B)
[0310/215229.796:WARNING:pe_image_reader.cc(340)] could not read dos header from C:\WINDOWS\System32\combase.dll
[0310/215229.796:ERROR:process_memory_win.cc(73)] ReadMemory at 0x7ffeff600000 of 64 bytes failed: Only part of a ReadProcessMemory or WriteProcessMemory request was completed. (0x12B)
[0310/215229.796:WARNING:pe_image_reader.cc(340)] could not read dos header from C:\WINDOWS\System32\WINTRUST.dll
[0310/215229.796:ERROR:process_memory_win.cc(73)] ReadMemory at 0x7ffefe9e0000 of 64 bytes failed: Only part of a ReadProcessMemory or WriteProcessMemory request was completed. (0x12B)
[0310/215229.796:WARNING:pe_image_reader.cc(340)] could not read dos header from C:\WINDOWS\System32\MSASN1.dll
[0310/215229.797:ERROR:process_memory_win.cc(73)] ReadMemory at 0x7ffeff710000 of 64 bytes failed: Only part of a ReadProcessMemory or WriteProcessMemory request was completed. (0x12B)
[0310/215229.797:WARNING:pe_image_reader.cc(340)] could not read dos header from C:\WINDOWS\System32\CRYPT32.dll
[0310/215229.797:ERROR:process_memory_win.cc(73)] ReadMemory at 0x7ffefdec0000 of 64 bytes failed: Only part of a ReadProcessMemory or WriteProcessMemory request was completed. (0x12B)
[0310/215229.797:WARNING:pe_image_reader.cc(340)] could not read dos header from C:\WINDOWS\SYSTEM32\IPHLPAPI.DLL
[0310/215229.797:ERROR:process_memory_win.cc(73)] ReadMemory at 0x7ffef5840000 of 64 bytes failed: Only part of a ReadProcessMemory or WriteProcessMemory request was completed. (0x12B)
[0310/215229.797:WARNING:pe_image_reader.cc(340)] could not read dos header from C:\WINDOWS\SYSTEM32\WINMM.dll
[0310/215229.797:ERROR:process_memory_win.cc(73)] ReadMemory at 0x7ffeed030000 of 64 bytes failed: Only part of a ReadProcessMemory or WriteProcessMemory request was completed. (0x12B)
[0310/215229.797:WARNING:pe_image_reader.cc(340)] could not read dos header from C:\WINDOWS\SYSTEM32\Secur32.dll
[0310/215229.797:ERROR:process_memory_win.cc(73)] ReadMemory at 0x7ffefe830000 of 64 bytes failed: Only part of a ReadProcessMemory or WriteProcessMemory request was completed. (0x12B)
[0310/215229.797:WARNING:pe_image_reader.cc(340)] could not read dos header from C:\WINDOWS\SYSTEM32\USERENV.dll
[0310/215229.797:ERROR:process_memory_win.cc(73)] ReadMemory at 0x7ffefe9c0000 of 64 bytes failed: Only part of a ReadProcessMemory or WriteProcessMemory request was completed. (0x12B)
[0310/215229.797:WARNING:pe_image_reader.cc(340)] could not read dos header from C:\WINDOWS\System32\profapi.dll
[0310/215229.797:ERROR:process_memory_win.cc(73)] ReadMemory at 0x7ffeccb20000 of 64 bytes failed: Only part of a ReadProcessMemory or WriteProcessMemory request was completed. (0x12B)
[0310/215229.797:WARNING:pe_image_reader.cc(340)] could not read dos header from C:\WINDOWS\SYSTEM32\UIAutomationCore.DLL
[0310/215229.797:ERROR:process_memory_win.cc(73)] ReadMemory at 0x7ffed3b80000 of 64 bytes failed: Only part of a ReadProcessMemory or WriteProcessMemory request was completed. (0x12B)
[0310/215229.797:WARNING:pe_image_reader.cc(340)] could not read dos header from C:\WINDOWS\SYSTEM32\DWrite.dll
[0310/215229.797:ERROR:process_memory_win.cc(73)] ReadMemory at 0x7ffef1d70000 of 64 bytes failed: Only part of a ReadProcessMemory or WriteProcessMemory request was completed. (0x12B)
[0310/215229.797:WARNING:pe_image_reader.cc(340)] could not read dos header from C:\WINDOWS\SYSTEM32\WINSPOOL.DRV
[0310/215229.798:ERROR:process_memory_win.cc(73)] ReadMemory at 0x7ffefe950000 of 64 bytes failed: Only part of a ReadProcessMemory or WriteProcessMemory request was completed. (0x12B)
[0310/215229.798:WARNING:pe_image_reader.cc(340)] could not read dos header from C:\WINDOWS\System32\kernel.appcore.dll
[0310/215229.798:ERROR:process_memory_win.cc(73)] ReadMemory at 0x7ffefeb00000 of 64 bytes failed: Only part of a ReadProcessMemory or WriteProcessMemory request was completed. (0x12B)
[0310/215229.798:WARNING:pe_image_reader.cc(340)] could not read dos header from C:\WINDOWS\System32\bcrypt.dll
[0310/215229.798:ERROR:process_memory_win.cc(73)] ReadMemory at 0x7ffee8dd0000 of 64 bytes failed: Only part of a ReadProcessMemory or WriteProcessMemory request was completed. (0x12B)
[0310/215229.798:WARNING:pe_image_reader.cc(340)] could not read dos header from C:\WINDOWS\SYSTEM32\dbghelp.dll
[0310/215229.798:ERROR:process_memory_win.cc(73)] ReadMemory at 0x7ffef6350000 of 64 bytes failed: Only part of a ReadProcessMemory or WriteProcessMemory request was completed. (0x12B)
[0310/215229.798:WARNING:pe_image_reader.cc(340)] could not read dos header from C:\WINDOWS\SYSTEM32\WINHTTP.dll
[0310/215229.798:ERROR:process_memory_win.cc(73)] ReadMemory at 0x7ffef7f80000 of 64 bytes failed: Only part of a ReadProcessMemory or WriteProcessMemory request was completed. (0x12B)
[0310/215229.798:WARNING:pe_image_reader.cc(340)] could not read dos header from C:\WINDOWS\SYSTEM32\dhcpcsvc.DLL
[0310/215229.798:ERROR:process_memory_win.cc(73)] ReadMemory at 0x7fff011e0000 of 64 bytes failed: Only part of a ReadProcessMemory or WriteProcessMemory request was completed. (0x12B)
[0310/215229.798:WARNING:pe_image_reader.cc(340)] could not read dos header from C:\WINDOWS\System32\NSI.dll
[0310/215229.798:ERROR:process_memory_win.cc(73)] ReadMemory at 0x7ffef5810000 of 64 bytes failed: Only part of a ReadProcessMemory or WriteProcessMemory request was completed. (0x12B)
[0310/215229.798:WARNING:pe_image_reader.cc(340)] could not read dos header from C:\WINDOWS\SYSTEM32\WINMMBASE.dll
[0310/215229.798:ERROR:process_memory_win.cc(73)] ReadMemory at 0x7ffefeb60000 of 64 bytes failed: Only part of a ReadProcessMemory or WriteProcessMemory request was completed. (0x12B)
[0310/215229.798:WARNING:pe_image_reader.cc(340)] could not read dos header from C:\WINDOWS\System32\cfgmgr32.dll
[0310/215229.798:ERROR:process_memory_win.cc(73)] ReadMemory at 0x7ffefd400000 of 64 bytes failed: Only part of a ReadProcessMemory or WriteProcessMemory request was completed. (0x12B)
[0310/215229.799:WARNING:pe_image_reader.cc(340)] could not read dos header from C:\WINDOWS\SYSTEM32\PROPSYS.dll
[0310/215229.799:ERROR:process_memory_win.cc(73)] ReadMemory at 0x7fff00230000 of 64 bytes failed: Only part of a ReadProcessMemory or WriteProcessMemory request was completed. (0x12B)
[0310/215229.799:WARNING:pe_image_reader.cc(340)] could not read dos header from C:\WINDOWS\System32\shcore.dll
[0310/215229.799:ERROR:process_memory_win.cc(73)] ReadMemory at 0x7ffefe860000 of 64 bytes failed: Only part of a ReadProcessMemory or WriteProcessMemory request was completed. (0x12B)
[0310/215229.799:WARNING:pe_image_reader.cc(340)] could not read dos header from C:\WINDOWS\SYSTEM32\SSPICLI.DLL
[0310/215229.799:ERROR:process_memory_win.cc(73)] ReadMemory at 0x7ffefe380000 of 64 bytes failed: Only part of a ReadProcessMemory or WriteProcessMemory request was completed. (0x12B)
[0310/215229.799:WARNING:pe_image_reader.cc(340)] could not read dos header from C:\WINDOWS\SYSTEM32\CRYPTBASE.DLL
[0310/215229.812:ERROR:process_memory_win.cc(73)] ReadMemory at 0xa1349f9000 of 28672 bytes failed: Only part of a ReadProcessMemory or WriteProcessMemory request was completed. (0x12B)
[0310/215229.812:ERROR:process_memory_win.cc(73)] ReadMemory at 0xa1351fd000 of 12288 bytes failed: Only part of a ReadProcessMemory or WriteProcessMemory request was completed. (0x12B)
[0310/215229.812:ERROR:process_memory_win.cc(73)] ReadMemory at 0xa1359fd000 of 12288 bytes failed: Only part of a ReadProcessMemory or WriteProcessMemory request was completed. (0x12B)
[0310/215229.812:ERROR:process_memory_win.cc(73)] ReadMemory at 0xa1361fc000 of 16384 bytes failed: Only part of a ReadProcessMemory or WriteProcessMemory request was completed. (0x12B)
[0310/215229.812:ERROR:process_memory_win.cc(73)] ReadMemory at 0xa1369fc000 of 16384 bytes failed: Only part of a ReadProcessMemory or WriteProcessMemory request was completed. (0x12B)
[0310/215229.813:ERROR:process_memory_win.cc(73)] ReadMemory at 0xa1371ff000 of 4096 bytes failed: Only part of a ReadProcessMemory or WriteProcessMemory request was completed. (0x12B)
[0310/215229.813:ERROR:process_memory_win.cc(73)] ReadMemory at 0xa1379fd000 of 12288 bytes failed: Only part of a ReadProcessMemory or WriteProcessMemory request was completed. (0x12B)
[0310/215229.813:ERROR:process_memory_win.cc(73)] ReadMemory at 0xa1381fd000 of 12288 bytes failed: Only part of a ReadProcessMemory or WriteProcessMemory request was completed. (0x12B)
[0310/215229.813:ERROR:process_memory_win.cc(73)] ReadMemory at 0xa1389fd000 of 12288 bytes failed: Only part of a ReadProcessMemory or WriteProcessMemory request was completed. (0x12B)
[0310/215229.813:ERROR:process_memory_win.cc(73)] ReadMemory at 0xa1391fd000 of 12288 bytes failed: Only part of a ReadProcessMemory or WriteProcessMemory request was completed. (0x12B)
[0310/215229.813:ERROR:process_memory_win.cc(73)] ReadMemory at 0xa1399fd000 of 12288 bytes failed: Only part of a ReadProcessMemory or WriteProcessMemory request was completed. (0x12B)
[0310/215229.814:ERROR:process_memory_win.cc(73)] ReadMemory at 0xa13a1fd000 of 12288 bytes failed: Only part of a ReadProcessMemory or WriteProcessMemory request was completed. (0x12B)
[0310/215229.814:ERROR:process_memory_win.cc(73)] ReadMemory at 0xa13a9fd000 of 12288 bytes failed: Only part of a ReadProcessMemory or WriteProcessMemory request was completed. (0x12B)
[0310/215229.814:ERROR:process_memory_win.cc(73)] ReadMemory at 0xa13b1fd000 of 12288 bytes failed: Only part of a ReadProcessMemory or WriteProcessMemory request was completed. (0x12B)
[0310/215229.814:ERROR:process_memory_win.cc(73)] ReadMemory at 0xa13b9fd000 of 12288 bytes failed: Only part of a ReadProcessMemory or WriteProcessMemory request was completed. (0x12B)
[0310/215229.814:ERROR:process_memory_win.cc(73)] ReadMemory at 0xa13c1fd000 of 12288 bytes failed: Only part of a ReadProcessMemory or WriteProcessMemory request was completed. (0x12B)
[0310/215229.815:ERROR:process_memory_win.cc(73)] ReadMemory at 0xa1340d6000 of 852 bytes failed: Only part of a ReadProcessMemory or WriteProcessMemory request was completed. (0x12B)
[0310/215229.815:ERROR:process_memory_win.cc(73)] ReadMemory at 0xa1340d7000 of 6024 bytes failed: Only part of a ReadProcessMemory or WriteProcessMemory request was completed. (0x12B)
[0310/215229.815:ERROR:process_memory_win.cc(73)] ReadMemory at 0xa1340d9000 of 6024 bytes failed: Only part of a ReadProcessMemory or WriteProcessMemory request was completed. (0x12B)
[0310/215229.815:ERROR:process_memory_win.cc(73)] ReadMemory at 0xa1340db000 of 6024 bytes failed: Only part of a ReadProcessMemory or WriteProcessMemory request was completed. (0x12B)
[0310/215229.815:ERROR:process_memory_win.cc(73)] ReadMemory at 0xa1340dd000 of 6024 bytes failed: Only part of a ReadProcessMemory or WriteProcessMemory request was completed. (0x12B)
[0310/215229.816:ERROR:process_memory_win.cc(73)] ReadMemory at 0xa1340df000 of 6024 bytes failed: Only part of a ReadProcessMemory or WriteProcessMemory request was completed. (0x12B)
[0310/215229.816:ERROR:process_memory_win.cc(73)] ReadMemory at 0xa1340e1000 of 6024 bytes failed: Only part of a ReadProcessMemory or WriteProcessMemory request was completed. (0x12B)
[0310/215229.816:ERROR:process_memory_win.cc(73)] ReadMemory at 0xa1340e3000 of 6024 bytes failed: Only part of a ReadProcessMemory or WriteProcessMemory request was completed. (0x12B)
[0310/215229.816:ERROR:process_memory_win.cc(73)] ReadMemory at 0xa1340e5000 of 6024 bytes failed: Only part of a ReadProcessMemory or WriteProcessMemory request was completed. (0x12B)
[0310/215229.816:ERROR:process_memory_win.cc(73)] ReadMemory at 0xa1340e7000 of 6024 bytes failed: Only part of a ReadProcessMemory or WriteProcessMemory request was completed. (0x12B)
[0310/215229.816:ERROR:process_memory_win.cc(73)] ReadMemory at 0xa1340e9000 of 6024 bytes failed: Only part of a ReadProcessMemory or WriteProcessMemory request was completed. (0x12B)
[0310/215229.817:ERROR:process_memory_win.cc(73)] ReadMemory at 0xa1340eb000 of 6024 bytes failed: Only part of a ReadProcessMemory or WriteProcessMemory request was completed. (0x12B)
[0310/215229.817:ERROR:process_memory_win.cc(73)] ReadMemory at 0xa1340ed000 of 6024 bytes failed: Only part of a ReadProcessMemory or WriteProcessMemory request was completed. (0x12B)
[0310/215229.817:ERROR:process_memory_win.cc(73)] ReadMemory at 0xa1340ef000 of 6024 bytes failed: Only part of a ReadProcessMemory or WriteProcessMemory request was completed. (0x12B)
[0310/215229.817:ERROR:process_memory_win.cc(73)] ReadMemory at 0xa1340f1000 of 6024 bytes failed: Only part of a ReadProcessMemory or WriteProcessMemory request was completed. (0x12B)
[0310/215229.817:ERROR:process_memory_win.cc(73)] ReadMemory at 0xa1340f3000 of 6024 bytes failed: Only part of a ReadProcessMemory or WriteProcessMemory request was completed. (0x12B)
[0310/215229.817:ERROR:process_memory_win.cc(73)] ReadMemory at 0xa1340f5000 of 6024 bytes failed: Only part of a ReadProcessMemory or WriteProcessMemory request was completed. (0x12B)
[0310/215229.817:ERROR:process_memory_win.cc(73)] ReadMemory at 0x27349db0fe0 of 6688 bytes failed: Only part of a ReadProcessMemory or WriteProcessMemory request was completed. (0x12B)
[0310/215229.817:ERROR:process_memory_win.cc(73)] ReadMemory at 0x27349db2a10 of 1012 bytes failed: Only part of a ReadProcessMemory or WriteProcessMemory request was completed. (0x12B)
[0310/215229.818:ERROR:process_memory_win.cc(73)] ReadMemory at 0x27349db3058 of 118 bytes failed: Only part of a ReadProcessMemory or WriteProcessMemory request was completed. (0x12B)
[0310/215229.818:ERROR:process_memory_win.cc(73)] ReadMemory at 0x27349db30d0 of 760 bytes failed: Only part of a ReadProcessMemory or WriteProcessMemory request was completed. (0x12B)
[0310/215229.818:ERROR:process_memory_win.cc(73)] ReadMemory at 0x27349db33ca of 118 bytes failed: Only part of a ReadProcessMemory or WriteProcessMemory request was completed. (0x12B)
[0310/215229.818:ERROR:process_memory_win.cc(73)] ReadMemory at 0x27349db3442 of 100 bytes failed: Only part of a ReadProcessMemory or WriteProcessMemory request was completed. (0x12B)
[0310/215229.818:ERROR:process_memory_win.cc(73)] ReadMemory at 0x27349db34c0 of 58 bytes failed: Only part of a ReadProcessMemory or WriteProcessMemory request was completed. (0x12B)
[0310/215229.818:ERROR:process_memory_win.cc(73)] ReadMemory at 0x27349db35c0 of 132 bytes failed: Only part of a ReadProcessMemory or WriteProcessMemory request was completed. (0x12B)
[0310/215229.819:ERROR:process_memory_win.cc(73)] ReadMemory at 0x27349db3750 of 132 bytes failed: Only part of a ReadProcessMemory or WriteProcessMemory request was completed. (0x12B)
[0310/215229.819:ERROR:process_memory_win.cc(73)] ReadMemory at 0x27349db3910 of 126 bytes failed: Only part of a ReadProcessMemory or WriteProcessMemory request was completed. (0x12B)
[0310/215229.819:ERROR:process_memory_win.cc(73)] ReadMemory at 0x27349db3cf0 of 132 bytes failed: Only part of a ReadProcessMemory or WriteProcessMemory request was completed. (0x12B)
[0310/215229.819:ERROR:process_memory_win.cc(73)] ReadMemory at 0x27349db3e80 of 64 bytes failed: Only part of a ReadProcessMemory or WriteProcessMemory request was completed. (0x12B)
[0310/215229.819:ERROR:process_memory_win.cc(73)] ReadMemory at 0x27349db3ed0 of 132 bytes failed: Only part of a ReadProcessMemory or WriteProcessMemory request was completed. (0x12B)
[0310/215229.819:ERROR:process_memory_win.cc(73)] ReadMemory at 0x27349db4040 of 132 bytes failed: Only part of a ReadProcessMemory or WriteProcessMemory request was completed. (0x12B)
[0310/215229.819:ERROR:process_memory_win.cc(73)] ReadMemory at 0x27349db42e0 of 132 bytes failed: Only part of a ReadProcessMemory or WriteProcessMemory request was completed. (0x12B)
[0310/215229.820:ERROR:process_memory_win.cc(73)] ReadMemory at 0x27349db4470 of 68 bytes failed: Only part of a ReadProcessMemory or WriteProcessMemory request was completed. (0x12B)
[0310/215229.820:ERROR:process_memory_win.cc(73)] ReadMemory at 0x27349db5540 of 132 bytes failed: Only part of a ReadProcessMemory or WriteProcessMemory request was completed. (0x12B)
[0310/215229.820:ERROR:process_memory_win.cc(73)] ReadMemory at 0x27349db56d0 of 154 bytes failed: Only part of a ReadProcessMemory or WriteProcessMemory request was completed. (0x12B)
[0310/215229.820:ERROR:process_memory_win.cc(73)] ReadMemory at 0x27349db6490 of 60 bytes failed: Only part of a ReadProcessMemory or WriteProcessMemory request was completed. (0x12B)
[0310/215229.820:ERROR:process_memory_win.cc(73)] ReadMemory at 0x27349db6bd0 of 132 bytes failed: Only part of a ReadProcessMemory or WriteProcessMemory request was completed. (0x12B)
[0310/215229.820:ERROR:process_memory_win.cc(73)] ReadMemory at 0x27349db7cb0 of 62 bytes failed: Only part of a ReadProcessMemory or WriteProcessMemory request was completed. (0x12B)
[0310/215229.820:ERROR:process_memory_win.cc(73)] ReadMemory at 0x27349db7d30 of 146 bytes failed: Only part of a ReadProcessMemory or WriteProcessMemory request was completed. (0x12B)
[0310/215229.820:ERROR:process_memory_win.cc(73)] ReadMemory at 0x27349db7e10 of 132 bytes failed: Only part of a ReadProcessMemory or WriteProcessMemory request was completed. (0x12B)
[0310/215229.820:ERROR:process_memory_win.cc(73)] ReadMemory at 0x27349db7fd0 of 132 bytes failed: Only part of a ReadProcessMemory or WriteProcessMemory request was completed. (0x12B)
[0310/215229.821:ERROR:process_memory_win.cc(73)] ReadMemory at 0x27349db81f0 of 132 bytes failed: Only part of a ReadProcessMemory or WriteProcessMemory request was completed. (0x12B)
[0310/215229.821:ERROR:process_memory_win.cc(73)] ReadMemory at 0x27349db8410 of 132 bytes failed: Only part of a ReadProcessMemory or WriteProcessMemory request was completed. (0x12B)
[0310/215229.821:ERROR:process_memory_win.cc(73)] ReadMemory at 0x27349dbaad0 of 132 bytes failed: Only part of a ReadProcessMemory or WriteProcessMemory request was completed. (0x12B)
[0310/215229.821:ERROR:process_memory_win.cc(73)] ReadMemory at 0x27349dbac00 of 132 bytes failed: Only part of a ReadProcessMemory or WriteProcessMemory request was completed. (0x12B)
[0310/215229.821:ERROR:process_memory_win.cc(73)] ReadMemory at 0x27349dbb080 of 80 bytes failed: Only part of a ReadProcessMemory or WriteProcessMemory request was completed. (0x12B)
[0310/215229.821:ERROR:process_memory_win.cc(73)] ReadMemory at 0x27349dbbb80 of 66 bytes failed: Only part of a ReadProcessMemory or WriteProcessMemory request was completed. (0x12B)
[0310/215229.821:ERROR:process_memory_win.cc(73)] ReadMemory at 0x27349dbbc20 of 62 bytes failed: Only part of a ReadProcessMemory or WriteProcessMemory request was completed. (0x12B)
[0310/215229.821:ERROR:process_memory_win.cc(73)] ReadMemory at 0x27349dbbc70 of 62 bytes failed: Only part of a ReadProcessMemory or WriteProcessMemory request was completed. (0x12B)
[0310/215229.822:ERROR:process_memory_win.cc(73)] ReadMemory at 0x27349dbbd60 of 64 bytes failed: Only part of a ReadProcessMemory or WriteProcessMemory request was completed. (0x12B)
[0310/215229.822:ERROR:process_memory_win.cc(73)] ReadMemory at 0x27349dbbe00 of 64 bytes failed: Only part of a ReadProcessMemory or WriteProcessMemory request was completed. (0x12B)
[0310/215229.822:ERROR:process_memory_win.cc(73)] ReadMemory at 0x27349dbbe50 of 60 bytes failed: Only part of a ReadProcessMemory or WriteProcessMemory request was completed. (0x12B)
[0310/215229.822:ERROR:process_memory_win.cc(73)] ReadMemory at 0x27349dbbea0 of 60 bytes failed: Only part of a ReadProcessMemory or WriteProcessMemory request was completed. (0x12B)
[0310/215229.822:ERROR:process_memory_win.cc(73)] ReadMemory at 0x27349dbc120 of 64 bytes failed: Only part of a ReadProcessMemory or WriteProcessMemory request was completed. (0x12B)
[0310/215229.822:ERROR:process_memory_win.cc(73)] ReadMemory at 0x27349dbc170 of 64 bytes failed: Only part of a ReadProcessMemory or WriteProcessMemory request was completed. (0x12B)
[0310/215229.822:ERROR:process_memory_win.cc(73)] ReadMemory at 0x27349dbcb00 of 132 bytes failed: Only part of a ReadProcessMemory or WriteProcessMemory request was completed. (0x12B)
[0310/215229.822:ERROR:process_memory_win.cc(73)] ReadMemory at 0x27349dbcc30 of 132 bytes failed: Only part of a ReadProcessMemory or WriteProcessMemory request was completed. (0x12B)
[0310/215229.823:ERROR:process_memory_win.cc(73)] ReadMemory at 0x27349dbcd60 of 132 bytes failed: Only part of a ReadProcessMemory or WriteProcessMemory request was completed. (0x12B)
[0310/215229.823:ERROR:process_memory_win.cc(73)] ReadMemory at 0x27349dbce90 of 132 bytes failed: Only part of a ReadProcessMemory or WriteProcessMemory request was completed. (0x12B)
[0310/215229.823:ERROR:process_memory_win.cc(73)] ReadMemory at 0x27349dbcfc0 of 132 bytes failed: Only part of a ReadProcessMemory or WriteProcessMemory request was completed. (0x12B)
[0310/215229.823:ERROR:process_memory_win.cc(73)] ReadMemory at 0x27349dbd220 of 132 bytes failed: Only part of a ReadProcessMemory or WriteProcessMemory request was completed. (0x12B)
[0310/215229.823:ERROR:process_memory_win.cc(73)] ReadMemory at 0x27349dbd350 of 132 bytes failed: Only part of a ReadProcessMemory or WriteProcessMemory request was completed. (0x12B)
[0310/215229.823:ERROR:process_memory_win.cc(73)] ReadMemory at 0x27349dbd480 of 132 bytes failed: Only part of a ReadProcessMemory or WriteProcessMemory request was completed. (0x12B)
[0310/215229.823:ERROR:process_memory_win.cc(73)] ReadMemory at 0x27349dbd5b0 of 132 bytes failed: Only part of a ReadProcessMemory or WriteProcessMemory request was completed. (0x12B)
[0310/215229.823:ERROR:process_memory_win.cc(73)] ReadMemory at 0x27349dbd6e0 of 132 bytes failed: Only part of a ReadProcessMemory or WriteProcessMemory request was completed. (0x12B)
[0310/215229.824:ERROR:process_memory_win.cc(73)] ReadMemory at 0x27349dbd810 of 132 bytes failed: Only part of a ReadProcessMemory or WriteProcessMemory request was completed. (0x12B)
[0310/215229.824:ERROR:process_memory_win.cc(73)] ReadMemory at 0x27349dbd940 of 132 bytes failed: Only part of a ReadProcessMemory or WriteProcessMemory request was completed. (0x12B)
[0310/215229.824:ERROR:process_memory_win.cc(73)] ReadMemory at 0x27349dc0f30 of 132 bytes failed: Only part of a ReadProcessMemory or WriteProcessMemory request was completed. (0x12B)
[0310/215229.824:ERROR:process_memory_win.cc(73)] ReadMemory at 0x27349dc29b0 of 132 bytes failed: Only part of a ReadProcessMemory or WriteProcessMemory request was completed. (0x12B)
[0310/215229.824:ERROR:process_memory_win.cc(73)] ReadMemory at 0x27349dc2bc0 of 132 bytes failed: Only part of a ReadProcessMemory or WriteProcessMemory request was completed. (0x12B)
[0310/215229.824:ERROR:process_memory_win.cc(73)] ReadMemory at 0x27349dc5330 of 54 bytes failed: Only part of a ReadProcessMemory or WriteProcessMemory request was completed. (0x12B)
[0310/215229.824:ERROR:process_memory_win.cc(73)] ReadMemory at 0x27349dc5e60 of 80 bytes failed: Only part of a ReadProcessMemory or WriteProcessMemory request was completed. (0x12B)
[0310/215229.825:ERROR:process_memory_win.cc(73)] ReadMemory at 0x27349dc6580 of 76 bytes failed: Only part of a ReadProcessMemory or WriteProcessMemory request was completed. (0x12B)
[0310/215229.825:ERROR:process_memory_win.cc(73)] ReadMemory at 0x27349dc6c30 of 62 bytes failed: Only part of a ReadProcessMemory or WriteProcessMemory request was completed. (0x12B)
[0310/215229.825:ERROR:process_memory_win.cc(73)] ReadMemory at 0x27349dc6c80 of 66 bytes failed: Only part of a ReadProcessMemory or WriteProcessMemory request was completed. (0x12B)
[0310/215229.825:ERROR:process_memory_win.cc(73)] ReadMemory at 0x27349dc6dc0 of 62 bytes failed: Only part of a ReadProcessMemory or WriteProcessMemory request was completed. (0x12B)
[0310/215229.825:ERROR:process_memory_win.cc(73)] ReadMemory at 0x27349dc6e60 of 64 bytes failed: Only part of a ReadProcessMemory or WriteProcessMemory request was completed. (0x12B)
[0310/215229.825:ERROR:process_memory_win.cc(73)] ReadMemory at 0x27349dc6eb0 of 62 bytes failed: Only part of a ReadProcessMemory or WriteProcessMemory request was completed. (0x12B)
[0310/215229.825:ERROR:process_memory_win.cc(73)] ReadMemory at 0x27349dc6f00 of 58 bytes failed: Only part of a ReadProcessMemory or WriteProcessMemory request was completed. (0x12B)
[0310/215229.825:ERROR:process_memory_win.cc(73)] ReadMemory at 0x27349dc6fa0 of 62 bytes failed: Only part of a ReadProcessMemory or WriteProcessMemory request was completed. (0x12B)
[0310/215229.826:ERROR:process_memory_win.cc(73)] ReadMemory at 0x27349dc7130 of 60 bytes failed: Only part of a ReadProcessMemory or WriteProcessMemory request was completed. (0x12B)
[0310/215229.826:ERROR:process_memory_win.cc(73)] ReadMemory at 0x27349dc71d0 of 64 bytes failed: Only part of a ReadProcessMemory or WriteProcessMemory request was completed. (0x12B)
[0310/215229.826:ERROR:process_memory_win.cc(73)] ReadMemory at 0x27349dc7360 of 64 bytes failed: Only part of a ReadProcessMemory or WriteProcessMemory request was completed. (0x12B)
[0310/215229.826:ERROR:process_memory_win.cc(73)] ReadMemory at 0x27349dc7450 of 62 bytes failed: Only part of a ReadProcessMemory or WriteProcessMemory request was completed. (0x12B)
[0310/215229.826:ERROR:process_memory_win.cc(73)] ReadMemory at 0x27349dc7630 of 62 bytes failed: Only part of a ReadProcessMemory or WriteProcessMemory request was completed. (0x12B)
[0310/215229.826:ERROR:process_memory_win.cc(73)] ReadMemory at 0x27349dc7680 of 60 bytes failed: Only part of a ReadProcessMemory or WriteProcessMemory request was completed. (0x12B)
[0310/215229.826:ERROR:process_memory_win.cc(73)] ReadMemory at 0x27349dc77c0 of 62 bytes failed: Only part of a ReadProcessMemory or WriteProcessMemory request was completed. (0x12B)
[0310/215229.826:ERROR:process_memory_win.cc(73)] ReadMemory at 0x27349dc7810 of 64 bytes failed: Only part of a ReadProcessMemory or WriteProcessMemory request was completed. (0x12B)
[0310/215229.826:ERROR:process_memory_win.cc(73)] ReadMemory at 0x27349dc78b0 of 60 bytes failed: Only part of a ReadProcessMemory or WriteProcessMemory request was completed. (0x12B)
[0310/215229.826:ERROR:process_memory_win.cc(73)] ReadMemory at 0x27349dc79f0 of 60 bytes failed: Only part of a ReadProcessMemory or WriteProcessMemory request was completed. (0x12B)
[0310/215229.827:ERROR:process_memory_win.cc(73)] ReadMemory at 0x27349dc7b30 of 62 bytes failed: Only part of a ReadProcessMemory or WriteProcessMemory request was completed. (0x12B)
[0310/215229.827:ERROR:process_memory_win.cc(73)] ReadMemory at 0x27349dc7f70 of 132 bytes failed: Only part of a ReadProcessMemory or WriteProcessMemory request was completed. (0x12B)
[0310/215229.827:ERROR:process_memory_win.cc(73)] ReadMemory at 0x27349dc87c0 of 132 bytes failed: Only part of a ReadProcessMemory or WriteProcessMemory request was completed. (0x12B)
[0310/215229.827:ERROR:process_memory_win.cc(73)] ReadMemory at 0x27349dc88f0 of 132 bytes failed: Only part of a ReadProcessMemory or WriteProcessMemory request was completed. (0x12B)
[0310/215229.827:ERROR:process_memory_win.cc(73)] ReadMemory at 0x27349dc8a20 of 132 bytes failed: Only part of a ReadProcessMemory or WriteProcessMemory request was completed. (0x12B)
[0310/215229.828:ERROR:process_memory_win.cc(73)] ReadMemory at 0x27349dc9140 of 132 bytes failed: Only part of a ReadProcessMemory or WriteProcessMemory request was completed. (0x12B)
[0310/215229.828:ERROR:process_memory_win.cc(73)] ReadMemory at 0x27349dc93a0 of 132 bytes failed: Only part of a ReadProcessMemory or WriteProcessMemory request was completed. (0x12B)
[0310/215229.828:ERROR:process_memory_win.cc(73)] ReadMemory at 0x27349dc9600 of 132 bytes failed: Only part of a ReadProcessMemory or WriteProcessMemory request was completed. (0x12B)
[0310/215229.828:ERROR:process_memory_win.cc(73)] ReadMemory at 0x27349dc9860 of 132 bytes failed: Only part of a ReadProcessMemory or WriteProcessMemory request was completed. (0x12B)
[0310/215229.828:ERROR:process_memory_win.cc(73)] ReadMemory at 0x27349dc9bf0 of 132 bytes failed: Only part of a ReadProcessMemory or WriteProcessMemory request was completed. (0x12B)
[0310/215229.828:ERROR:process_memory_win.cc(73)] ReadMemory at 0x27349dc9d20 of 132 bytes failed: Only part of a ReadProcessMemory or WriteProcessMemory request was completed. (0x12B)
[0310/215229.828:ERROR:process_memory_win.cc(73)] ReadMemory at 0x27349dddcb0 of 512 bytes failed: Only part of a ReadProcessMemory or WriteProcessMemory request was completed. (0x12B)
[0310/215229.829:ERROR:process_memory_win.cc(73)] ReadMemory at 0x27349ddeae0 of 512 bytes failed: Only part of a ReadProcessMemory or WriteProcessMemory request was completed. (0x12B)
[0310/215229.829:ERROR:process_memory_win.cc(73)] ReadMemory at 0x27349de2520 of 512 bytes failed: Only part of a ReadProcessMemory or WriteProcessMemory request was completed. (0x12B)
[0310/215229.829:ERROR:process_memory_win.cc(73)] ReadMemory at 0x27349fe1000 of 512 bytes failed: Only part of a ReadProcessMemory or WriteProcessMemory request was completed. (0x12B)
[0310/215229.829:ERROR:process_memory_win.cc(73)] ReadMemory at 0x27349fe1cc0 of 512 bytes failed: Only part of a ReadProcessMemory or WriteProcessMemory request was completed. (0x12B)
[0310/215229.829:ERROR:process_memory_win.cc(73)] ReadMemory at 0x2734a1a3280 of 512 bytes failed: Only part of a ReadProcessMemory or WriteProcessMemory request was completed. (0x12B)
[0310/215229.829:ERROR:process_memory_win.cc(73)] ReadMemory at 0x2734a1a69c0 of 704 bytes failed: Only part of a ReadProcessMemory or WriteProcessMemory request was completed. (0x12B)
[0310/215229.829:ERROR:process_memory_win.cc(73)] ReadMemory at 0x2734a1aa7e0 of 512 bytes failed: Only part of a ReadProcessMemory or WriteProcessMemory request was completed. (0x12B)
[0310/215229.829:ERROR:process_memory_win.cc(73)] ReadMemory at 0x2734a1d14d0 of 712 bytes failed: Only part of a ReadProcessMemory or WriteProcessMemory request was completed. (0x12B)
[0310/215229.829:ERROR:process_memory_win.cc(73)] ReadMemory at 0x2734a1e5578 of 512 bytes failed: Only part of a ReadProcessMemory or WriteProcessMemory request was completed. (0x12B)
[0310/215229.830:ERROR:process_memory_win.cc(73)] ReadMemory at 0x2734a1e5848 of 512 bytes failed: Only part of a ReadProcessMemory or WriteProcessMemory request was completed. (0x12B)
[0310/215229.830:ERROR:process_memory_win.cc(73)] ReadMemory at 0x2734a1e60b8 of 512 bytes failed: Only part of a ReadProcessMemory or WriteProcessMemory request was completed. (0x12B)
[0310/215229.830:ERROR:process_memory_win.cc(73)] ReadMemory at 0x2734a1e6898 of 656 bytes failed: Only part of a ReadProcessMemory or WriteProcessMemory request was completed. (0x12B)
[0310/215229.830:ERROR:process_memory_win.cc(73)] ReadMemory at 0x2734a220980 of 512 bytes failed: Only part of a ReadProcessMemory or WriteProcessMemory request was completed. (0x12B)
[0310/215229.830:ERROR:process_memory_win.cc(73)] ReadMemory at 0x2734c04f500 of 512 bytes failed: Only part of a ReadProcessMemory or WriteProcessMemory request was completed. (0x12B)
[0310/215229.830:ERROR:process_memory_win.cc(73)] ReadMemory at 0x2734c087a70 of 512 bytes failed: Only part of a ReadProcessMemory or WriteProcessMemory request was completed. (0x12B)
[0310/215229.830:ERROR:process_memory_win.cc(73)] ReadMemory at 0x2734c18db60 of 512 bytes failed: Only part of a ReadProcessMemory or WriteProcessMemory request was completed. (0x12B)
[0310/215229.830:ERROR:process_memory_win.cc(73)] ReadMemory at 0x2734c1febc8 of 512 bytes failed: Only part of a ReadProcessMemory or WriteProcessMemory request was completed. (0x12B)
[0310/215229.830:ERROR:process_memory_win.cc(73)] ReadMemory at 0x2734cc13ec0 of 512 bytes failed: Only part of a ReadProcessMemory or WriteProcessMemory request was completed. (0x12B)
[0310/215229.830:ERROR:process_memory_win.cc(73)] ReadMemory at 0x7ffeac1417d4 of 512 bytes failed: Only part of a ReadProcessMemory or WriteProcessMemory request was completed. (0x12B)
[0310/215229.831:ERROR:process_memory_win.cc(73)] ReadMemory at 0x7ffeae66026c of 512 bytes failed: Only part of a ReadProcessMemory or WriteProcessMemory request was completed. (0x12B)
[0310/215229.831:ERROR:process_memory_win.cc(73)] ReadMemory at 0x7ffeaed0e6be of 553 bytes failed: Only part of a ReadProcessMemory or WriteProcessMemory request was completed. (0x12B)
[0310/215229.831:ERROR:process_memory_win.cc(73)] ReadMemory at 0x7ffeb2c9a480 of 512 bytes failed: Only part of a ReadProcessMemory or WriteProcessMemory request was completed. (0x12B)
[0310/215229.831:ERROR:process_memory_win.cc(73)] ReadMemory at 0x7ffeff59b6d0 of 512 bytes failed: Only part of a ReadProcessMemory or WriteProcessMemory request was completed. (0x12B)
[0310/215229.831:ERROR:process_memory_win.cc(73)] ReadMemory at 0x7fff01b3c0c4 of 672 bytes failed: Only part of a ReadProcessMemory or WriteProcessMemory request was completed. (0x12B)
[0310/215229.831:ERROR:process_memory_win.cc(73)] ReadMemory at 0x7fff01b3c6c4 of 512 bytes failed: Only part of a ReadProcessMemory or WriteProcessMemory request was completed. (0x12B)
[0310/215229.831:ERROR:process_memory_win.cc(73)] ReadMemory at 0x7fff01b3f974 of 608 bytes failed: Only part of a ReadProcessMemory or WriteProcessMemory request was completed. (0x12B)
[0310/215229.831:ERROR:process_memory_win.cc(73)] ReadMemory at 0x7fff01bcc428 of 18 bytes failed: Only part of a ReadProcessMemory or WriteProcessMemory request was completed. (0x12B)
[0310/215229.831:ERROR:process_memory_win.cc(73)] ReadMemory at 0x7fff01bff4f8 of 40 bytes failed: Only part of a ReadProcessMemory or WriteProcessMemory request was completed. (0x12B)
[0310/215229.832:ERROR:process_memory_win.cc(73)] ReadMemory at 0x7fff01bff978 of 48 bytes failed: Only part of a ReadProcessMemory or WriteProcessMemory request was completed. (0x12B)
[0310/215229.832:ERROR:process_memory_win.cc(73)] ReadMemory at 0x7fff01c053c0 of 64 bytes failed: Only part of a ReadProcessMemory or WriteProcessMemory request was completed. (0x12B)
[0310/215229.835:ERROR:scoped_process_suspend.cc(40)] NtResumeProcess: An attempt was made to access an exiting process. (0xc000010a)
